{"/Volumes/BACKUP-MAC/SERV_CANAL/www/AVENGERS_INITIATIVE/projeto-sistema-os/sistema-os-tdd-js/src/login.service.js": {"path":"/Volumes/BACKUP-MAC/SERV_CANAL/www/AVENGERS_INITIATIVE/projeto-sistema-os/sistema-os-tdd-js/src/login.service.js","statementMap":{"0":{"start":{"line":1,"column":0},"end":{"line":1,"column":0}},"1":{"start":{"line":2,"column":0},"end":{"line":2,"column":18}},"2":{"start":{"line":3,"column":0},"end":{"line":3,"column":56}},"3":{"start":{"line":4,"column":0},"end":{"line":4,"column":6}},"4":{"start":{"line":5,"column":0},"end":{"line":5,"column":48}},"5":{"start":{"line":6,"column":0},"end":{"line":6,"column":8}},"6":{"start":{"line":7,"column":0},"end":{"line":7,"column":40}},"7":{"start":{"line":8,"column":0},"end":{"line":8,"column":50}},"8":{"start":{"line":9,"column":0},"end":{"line":9,"column":70}},"9":{"start":{"line":10,"column":0},"end":{"line":10,"column":76}},"10":{"start":{"line":11,"column":0},"end":{"line":11,"column":55}},"11":{"start":{"line":12,"column":0},"end":{"line":12,"column":40}},"12":{"start":{"line":13,"column":0},"end":{"line":13,"column":54}},"13":{"start":{"line":14,"column":0},"end":{"line":14,"column":0}},"14":{"start":{"line":15,"column":0},"end":{"line":15,"column":82}},"15":{"start":{"line":16,"column":0},"end":{"line":16,"column":36}},"16":{"start":{"line":17,"column":0},"end":{"line":17,"column":0}},"17":{"start":{"line":18,"column":0},"end":{"line":18,"column":47}},"18":{"start":{"line":19,"column":0},"end":{"line":19,"column":24}},"19":{"start":{"line":20,"column":0},"end":{"line":20,"column":9}},"20":{"start":{"line":21,"column":0},"end":{"line":21,"column":0}},"21":{"start":{"line":22,"column":0},"end":{"line":22,"column":21}},"22":{"start":{"line":23,"column":0},"end":{"line":23,"column":5}},"23":{"start":{"line":24,"column":0},"end":{"line":24,"column":4}},"24":{"start":{"line":25,"column":0},"end":{"line":25,"column":1}}},"s":{"0":1,"1":1,"2":1,"3":1,"4":1,"5":1,"6":1,"7":1,"8":1,"9":1,"10":1,"11":1,"12":1,"13":1,"14":1,"15":1,"16":1,"17":1,"18":1,"19":1,"20":0,"21":0,"22":0,"23":1,"24":1},"branchMap":{"0":{"type":"branch","line":25,"loc":{"start":{"line":25,"column":1},"end":{"line":25,"column":1}},"locations":[{"start":{"line":25,"column":1},"end":{"line":25,"column":1}}]},"1":{"type":"branch","line":25,"loc":{"start":{"line":25,"column":1},"end":{"line":25,"column":1}},"locations":[{"start":{"line":25,"column":1},"end":{"line":25,"column":1}}]},"2":{"type":"branch","line":3,"loc":{"start":{"line":3,"column":15},"end":{"line":23,"column":5}},"locations":[{"start":{"line":3,"column":15},"end":{"line":23,"column":5}}]},"3":{"type":"branch","line":20,"loc":{"start":{"line":20,"column":9},"end":{"line":23,"column":5}},"locations":[{"start":{"line":20,"column":9},"end":{"line":23,"column":5}}]}},"b":{"0":[1],"1":[1],"2":[1],"3":[0]},"fnMap":{"0":{"name":"Object.<anonymous>","decl":{"start":{"line":25,"column":1},"end":{"line":25,"column":1}},"loc":{"start":{"line":25,"column":1},"end":{"line":25,"column":1}},"line":25},"1":{"name":"attenptAs","decl":{"start":{"line":3,"column":15},"end":{"line":23,"column":5}},"loc":{"start":{"line":3,"column":15},"end":{"line":23,"column":5}},"line":3}},"f":{"0":1,"1":1}}
,"/Volumes/BACKUP-MAC/SERV_CANAL/www/AVENGERS_INITIATIVE/projeto-sistema-os/sistema-os-tdd-js/src/utils/env.js": {"path":"/Volumes/BACKUP-MAC/SERV_CANAL/www/AVENGERS_INITIATIVE/projeto-sistema-os/sistema-os-tdd-js/src/utils/env.js","statementMap":{"0":{"start":{"line":1,"column":0},"end":{"line":1,"column":33}},"1":{"start":{"line":2,"column":0},"end":{"line":2,"column":33}},"2":{"start":{"line":3,"column":0},"end":{"line":3,"column":0}},"3":{"start":{"line":4,"column":0},"end":{"line":4,"column":66}}},"s":{"0":1,"1":1,"2":1,"3":1},"branchMap":{"0":{"type":"branch","line":4,"loc":{"start":{"line":4,"column":66},"end":{"line":4,"column":66}},"locations":[{"start":{"line":4,"column":66},"end":{"line":4,"column":66}}]},"1":{"type":"branch","line":4,"loc":{"start":{"line":4,"column":66},"end":{"line":4,"column":66}},"locations":[{"start":{"line":4,"column":66},"end":{"line":4,"column":66}}]}},"b":{"0":[1],"1":[1]},"fnMap":{"0":{"name":"Object.<anonymous>","decl":{"start":{"line":4,"column":66},"end":{"line":4,"column":66}},"loc":{"start":{"line":4,"column":66},"end":{"line":4,"column":66}},"line":4}},"f":{"0":1}}
,"/Volumes/BACKUP-MAC/SERV_CANAL/www/AVENGERS_INITIATIVE/projeto-sistema-os/sistema-os-tdd-js/src/utils/helper.js": {"path":"/Volumes/BACKUP-MAC/SERV_CANAL/www/AVENGERS_INITIATIVE/projeto-sistema-os/sistema-os-tdd-js/src/utils/helper.js","statementMap":{"0":{"start":{"line":1,"column":0},"end":{"line":1,"column":17}},"1":{"start":{"line":2,"column":0},"end":{"line":2,"column":39}},"2":{"start":{"line":3,"column":0},"end":{"line":3,"column":0}},"3":{"start":{"line":4,"column":0},"end":{"line":4,"column":18}},"4":{"start":{"line":5,"column":0},"end":{"line":5,"column":2}},"5":{"start":{"line":6,"column":0},"end":{"line":6,"column":11}},"6":{"start":{"line":7,"column":0},"end":{"line":7,"column":29}},"7":{"start":{"line":8,"column":0},"end":{"line":8,"column":27}},"8":{"start":{"line":9,"column":0},"end":{"line":9,"column":4}},"9":{"start":{"line":10,"column":0},"end":{"line":10,"column":0}},"10":{"start":{"line":11,"column":0},"end":{"line":11,"column":34}},"11":{"start":{"line":12,"column":0},"end":{"line":12,"column":35}},"12":{"start":{"line":13,"column":0},"end":{"line":13,"column":22}},"13":{"start":{"line":14,"column":0},"end":{"line":14,"column":64}},"14":{"start":{"line":15,"column":0},"end":{"line":15,"column":30}},"15":{"start":{"line":16,"column":0},"end":{"line":16,"column":28}},"16":{"start":{"line":17,"column":0},"end":{"line":17,"column":7}},"17":{"start":{"line":18,"column":0},"end":{"line":18,"column":4}},"18":{"start":{"line":19,"column":0},"end":{"line":19,"column":0}},"19":{"start":{"line":20,"column":0},"end":{"line":20,"column":45}},"20":{"start":{"line":21,"column":0},"end":{"line":21,"column":0}},"21":{"start":{"line":22,"column":0},"end":{"line":22,"column":48}},"22":{"start":{"line":23,"column":0},"end":{"line":23,"column":0}},"23":{"start":{"line":24,"column":0},"end":{"line":24,"column":4}},"24":{"start":{"line":25,"column":0},"end":{"line":25,"column":94}},"25":{"start":{"line":26,"column":0},"end":{"line":26,"column":0}},"26":{"start":{"line":27,"column":0},"end":{"line":27,"column":40}},"27":{"start":{"line":28,"column":0},"end":{"line":28,"column":0}},"28":{"start":{"line":29,"column":0},"end":{"line":29,"column":4}},"29":{"start":{"line":30,"column":0},"end":{"line":30,"column":2}},"30":{"start":{"line":31,"column":0},"end":{"line":31,"column":30}},"31":{"start":{"line":32,"column":0},"end":{"line":32,"column":71}},"32":{"start":{"line":33,"column":0},"end":{"line":33,"column":4}},"33":{"start":{"line":34,"column":0},"end":{"line":34,"column":0}},"34":{"start":{"line":35,"column":0},"end":{"line":35,"column":36}},"35":{"start":{"line":36,"column":0},"end":{"line":36,"column":43}},"36":{"start":{"line":37,"column":0},"end":{"line":37,"column":4}},"37":{"start":{"line":38,"column":0},"end":{"line":38,"column":0}},"38":{"start":{"line":39,"column":0},"end":{"line":39,"column":35}},"39":{"start":{"line":40,"column":0},"end":{"line":40,"column":44}},"40":{"start":{"line":41,"column":0},"end":{"line":41,"column":3}},"41":{"start":{"line":42,"column":0},"end":{"line":42,"column":0}},"42":{"start":{"line":43,"column":0},"end":{"line":43,"column":2}}},"s":{"0":1,"1":1,"2":1,"3":1,"4":1,"5":1,"6":1,"7":1,"8":1,"9":1,"10":1,"11":1,"12":0,"13":0,"14":0,"15":0,"16":0,"17":0,"18":1,"19":1,"20":1,"21":1,"22":1,"23":1,"24":1,"25":1,"26":1,"27":1,"28":1,"29":1,"30":1,"31":1,"32":1,"33":1,"34":1,"35":1,"36":1,"37":1,"38":1,"39":1,"40":1,"41":1,"42":1},"branchMap":{"0":{"type":"branch","line":43,"loc":{"start":{"line":43,"column":2},"end":{"line":43,"column":2}},"locations":[{"start":{"line":43,"column":2},"end":{"line":43,"column":2}}]},"1":{"type":"branch","line":43,"loc":{"start":{"line":43,"column":2},"end":{"line":43,"column":2}},"locations":[{"start":{"line":43,"column":2},"end":{"line":43,"column":2}}]},"2":{"type":"branch","line":11,"loc":{"start":{"line":11,"column":16},"end":{"line":18,"column":4}},"locations":[{"start":{"line":11,"column":16},"end":{"line":18,"column":4}}]},"3":{"type":"branch","line":12,"loc":{"start":{"line":12,"column":4},"end":{"line":18,"column":4}},"locations":[{"start":{"line":12,"column":4},"end":{"line":18,"column":4}}]},"4":{"type":"branch","line":20,"loc":{"start":{"line":20,"column":15},"end":{"line":29,"column":4}},"locations":[{"start":{"line":20,"column":15},"end":{"line":29,"column":4}}]},"5":{"type":"branch","line":25,"loc":{"start":{"line":25,"column":20},"end":{"line":25,"column":21}},"locations":[{"start":{"line":25,"column":20},"end":{"line":25,"column":21}}]},"6":{"type":"branch","line":31,"loc":{"start":{"line":31,"column":11},"end":{"line":33,"column":4}},"locations":[{"start":{"line":31,"column":11},"end":{"line":33,"column":4}}]},"7":{"type":"branch","line":35,"loc":{"start":{"line":35,"column":14},"end":{"line":37,"column":4}},"locations":[{"start":{"line":35,"column":14},"end":{"line":37,"column":4}}]},"8":{"type":"branch","line":39,"loc":{"start":{"line":39,"column":16},"end":{"line":41,"column":3}},"locations":[{"start":{"line":39,"column":16},"end":{"line":41,"column":3}}]}},"b":{"0":[1],"1":[1],"2":[1],"3":[0],"4":[1],"5":[0],"6":[1],"7":[1],"8":[1]},"fnMap":{"0":{"name":"Object.<anonymous>","decl":{"start":{"line":43,"column":2},"end":{"line":43,"column":2}},"loc":{"start":{"line":43,"column":2},"end":{"line":43,"column":2}},"line":43},"1":{"name":"_openBrowser","decl":{"start":{"line":11,"column":16},"end":{"line":18,"column":4}},"loc":{"start":{"line":11,"column":16},"end":{"line":18,"column":4}},"line":11},"2":{"name":"loadBrowser","decl":{"start":{"line":20,"column":15},"end":{"line":29,"column":4}},"loc":{"start":{"line":20,"column":15},"end":{"line":29,"column":4}},"line":20},"3":{"name":"newPage","decl":{"start":{"line":31,"column":11},"end":{"line":33,"column":4}},"loc":{"start":{"line":31,"column":11},"end":{"line":33,"column":4}},"line":31},"4":{"name":"accessPage","decl":{"start":{"line":35,"column":14},"end":{"line":37,"column":4}},"loc":{"start":{"line":35,"column":14},"end":{"line":37,"column":4}},"line":35},"5":{"name":"closeBrowser","decl":{"start":{"line":39,"column":16},"end":{"line":41,"column":3}},"loc":{"start":{"line":39,"column":16},"end":{"line":41,"column":3}},"line":39}},"f":{"0":1,"1":1,"2":1,"3":1,"4":1,"5":1}}
}
