TN:
SF:src/login.service.js
FN:25,Object.<anonymous>
FN:3,attenptAs
FNF:2
FNH:2
FNDA:1,Object.<anonymous>
FNDA:1,attenptAs
DA:1,1
DA:2,1
DA:3,1
DA:4,1
DA:5,1
DA:6,1
DA:7,1
DA:8,1
DA:9,1
DA:10,1
DA:11,1
DA:12,1
DA:13,1
DA:14,1
DA:15,1
DA:16,1
DA:17,1
DA:18,1
DA:19,1
DA:20,1
DA:21,0
DA:22,0
DA:23,0
DA:24,1
DA:25,1
LF:25
LH:22
BRDA:25,0,0,1
BRDA:25,1,0,1
BRDA:3,2,0,1
BRDA:20,3,0,0
BRF:4
BRH:3
end_of_record
TN:
SF:src/utils/env.js
FN:4,Object.<anonymous>
FNF:1
FNH:1
FNDA:1,Object.<anonymous>
DA:1,1
DA:2,1
DA:3,1
DA:4,1
LF:4
LH:4
BRDA:4,0,0,1
BRDA:4,1,0,1
BRF:2
BRH:2
end_of_record
TN:
SF:src/utils/helper.js
FN:43,Object.<anonymous>
FN:11,_openBrowser
FN:20,loadBrowser
FN:31,newPage
FN:35,accessPage
FN:39,closeBrowser
FNF:6
FNH:6
FNDA:1,Object.<anonymous>
FNDA:1,_openBrowser
FNDA:1,loadBrowser
FNDA:1,newPage
FNDA:1,accessPage
FNDA:1,closeBrowser
DA:1,1
DA:2,1
DA:3,1
DA:4,1
DA:5,1
DA:6,1
DA:7,1
DA:8,1
DA:9,1
DA:10,1
DA:11,1
DA:12,1
DA:13,0
DA:14,0
DA:15,0
DA:16,0
DA:17,0
DA:18,0
DA:19,1
DA:20,1
DA:21,1
DA:22,1
DA:23,1
DA:24,1
DA:25,1
DA:26,1
DA:27,1
DA:28,1
DA:29,1
DA:30,1
DA:31,1
DA:32,1
DA:33,1
DA:34,1
DA:35,1
DA:36,1
DA:37,1
DA:38,1
DA:39,1
DA:40,1
DA:41,1
DA:42,1
DA:43,1
LF:43
LH:37
BRDA:43,0,0,1
BRDA:43,1,0,1
BRDA:11,2,0,1
BRDA:12,3,0,0
BRDA:20,4,0,1
BRDA:25,5,0,0
BRDA:31,6,0,1
BRDA:35,7,0,1
BRDA:39,8,0,1
BRF:9
BRH:7
end_of_record
